<?xml version="1.0" encoding="UTF-8"?>
<!-- Generated by org.testng.reporters.JUnitReportReporter -->
<testsuite name="testSuite.NewTest" tests="3" time="30.253" ignored="0" failures="0" timestamp="09 Apr 2017 15:12:22 GMT" skipped="0" hostname="COD-PC" errors="0">
  <testcase name="testSimple" time="11.291" classname="testSuite.NewTest"/>
  <testcase name="testSimple" time="8.157" classname="testSuite.NewTest"/>
  <testcase name="testSimple" time="10.805" classname="testSuite.NewTest"/>
</testsuite> <!-- testSuite.NewTest -->
