<?xml version="1.0" encoding="UTF-8"?>
<!-- Generated by org.testng.reporters.JUnitReportReporter -->
<testsuite name="crossBrowserTesting.TestCase" tests="2" time="99.206" ignored="0" failures="0" timestamp="09 Apr 2017 13:31:50 GMT" skipped="0" hostname="COD-PC" errors="0">
  <testcase name="testSimple" time="13.197" classname="crossBrowserTesting.TestCase"/>
  <testcase name="testSimple" time="86.009" classname="crossBrowserTesting.TestCase"/>
</testsuite> <!-- crossBrowserTesting.TestCase -->
