<?xml version="1.0" encoding="UTF-8"?>
<!-- Generated by org.testng.reporters.JUnitReportReporter -->
<testsuite name="crossBrowserTesting.CrossBrowserTest" tests="3" time="21.365" ignored="0" failures="0" timestamp="09 Apr 2017 14:43:19 GMT" skipped="0" hostname="COD-PC" errors="0">
  <testcase name="testSimple" time="6.847" classname="crossBrowserTesting.CrossBrowserTest"/>
  <testcase name="testSimple" time="8.199" classname="crossBrowserTesting.CrossBrowserTest"/>
  <testcase name="testSimple" time="6.319" classname="crossBrowserTesting.CrossBrowserTest"/>
</testsuite> <!-- crossBrowserTesting.CrossBrowserTest -->
